d:\project\c\lecture_hongjungmo\c++\chapter1\debug\vc141.pdb
d:\project\c\lecture_hongjungmo\c++\chapter1\debug\vc141.idb
d:\project\c\lecture_hongjungmo\c++\chapter1\debug\1_7 지역범위.obj
d:\project\c\lecture_hongjungmo\c++\chapter1\debug\add.obj
d:\project\c\lecture_hongjungmo\c++\chapter1\debug\1_12 헤더가드.obj
d:\project\c\lecture_hongjungmo\c++\chapter1\debug\1_11 add.obj
d:\project\c\lecture_hongjungmo\c++\chapter1\debug\1_14 전처리기.obj
d:\project\c\lecture_hongjungmo\c++\chapter1\debug\1_11 헤더파일.obj
d:\project\c\lecture_hongjungmo\c++\debug\chapter1.exe
d:\project\c\lecture_hongjungmo\c++\debug\chapter1.ilk
d:\project\c\lecture_hongjungmo\c++\debug\chapter1.pdb
d:\project\c\lecture_hongjungmo\c++\chapter1\debug\ex1.obj
d:\project\c\lecture_hongjungmo\c++\chapter1\debug\chapter1.tlog\cl.command.1.tlog
d:\project\c\lecture_hongjungmo\c++\chapter1\debug\chapter1.tlog\cl.read.1.tlog
d:\project\c\lecture_hongjungmo\c++\chapter1\debug\chapter1.tlog\cl.write.1.tlog
d:\project\c\lecture_hongjungmo\c++\chapter1\debug\chapter1.tlog\link.5724-cvtres.read.1.tlog
d:\project\c\lecture_hongjungmo\c++\chapter1\debug\chapter1.tlog\link.5724-cvtres.write.1.tlog
d:\project\c\lecture_hongjungmo\c++\chapter1\debug\chapter1.tlog\link.5724-rc.read.1.tlog
d:\project\c\lecture_hongjungmo\c++\chapter1\debug\chapter1.tlog\link.5724-rc.write.1.tlog
d:\project\c\lecture_hongjungmo\c++\chapter1\debug\chapter1.tlog\link.5724.read.1.tlog
d:\project\c\lecture_hongjungmo\c++\chapter1\debug\chapter1.tlog\link.5724.write.1.tlog
d:\project\c\lecture_hongjungmo\c++\chapter1\debug\chapter1.tlog\link.command.1.tlog
d:\project\c\lecture_hongjungmo\c++\chapter1\debug\chapter1.tlog\link.read.1.tlog
d:\project\c\lecture_hongjungmo\c++\chapter1\debug\chapter1.tlog\link.write.1.tlog
