  raytracepolymesh.cpp
c:\users\cglab5\desktop\hjeong\scratchapixel\ray-tracing a polygon mesh\raytracepolymesh.cpp(49): warning C4305: 'initializing': truncation from 'double' to 'float'
c:\users\cglab5\desktop\hjeong\scratchapixel\ray-tracing a polygon mesh\raytracepolymesh.cpp(50): warning C4305: 'argument': truncation from 'double' to 'float'
c:\users\cglab5\desktop\hjeong\scratchapixel\ray-tracing a polygon mesh\raytracepolymesh.cpp(58): warning C4244: 'return': conversion from 'double' to 'float', possible loss of data
c:\users\cglab5\desktop\hjeong\scratchapixel\ray-tracing a polygon mesh\raytracepolymesh.cpp(238): warning C4305: 'initializing': truncation from 'const double' to 'float'
c:\users\cglab5\desktop\hjeong\scratchapixel\ray-tracing a polygon mesh\raytracepolymesh.cpp(239): warning C4305: 'initializing': truncation from 'const double' to 'float'
c:\users\cglab5\desktop\hjeong\scratchapixel\ray-tracing a polygon mesh\raytracepolymesh.cpp(240): warning C4244: 'initializing': conversion from 'double' to 'float', possible loss of data
c:\users\cglab5\desktop\hjeong\scratchapixel\ray-tracing a polygon mesh\raytracepolymesh.cpp(241): warning C4244: 'initializing': conversion from 'double' to 'float', possible loss of data
c:\users\cglab5\desktop\hjeong\scratchapixel\ray-tracing a polygon mesh\raytracepolymesh.cpp(247): warning C4305: '=': truncation from 'const double' to 'float'
c:\users\cglab5\desktop\hjeong\scratchapixel\ray-tracing a polygon mesh\raytracepolymesh.cpp(253): warning C4244: '=': conversion from 'double' to 'float', possible loss of data
c:\users\cglab5\desktop\hjeong\scratchapixel\ray-tracing a polygon mesh\raytracepolymesh.cpp(254): warning C4244: '=': conversion from 'double' to 'float', possible loss of data
c:\users\cglab5\desktop\hjeong\scratchapixel\ray-tracing a polygon mesh\raytracepolymesh.cpp(392): warning C4244: 'initializing': conversion from 'int' to 'float', possible loss of data
c:\users\cglab5\desktop\hjeong\scratchapixel\ray-tracing a polygon mesh\raytracepolymesh.cpp(393): warning C4244: 'initializing': conversion from 'double' to 'float', possible loss of data
c:\users\cglab5\desktop\hjeong\scratchapixel\ray-tracing a polygon mesh\raytracepolymesh.cpp(413): warning C4244: 'argument': conversion from 'double' to 'const float', possible loss of data
c:\users\cglab5\desktop\hjeong\scratchapixel\ray-tracing a polygon mesh\raytracepolymesh.cpp(421): warning C4244: 'initializing': conversion from 'double' to 'float', possible loss of data
c:\users\cglab5\desktop\hjeong\scratchapixel\ray-tracing a polygon mesh\raytracepolymesh.cpp(422): warning C4244: 'initializing': conversion from 'double' to 'float', possible loss of data
c:\users\cglab5\desktop\hjeong\scratchapixel\ray-tracing a polygon mesh\raytracepolymesh.cpp(436): warning C4996: 'sprintf': This function or variable may be unsafe. Consider using sprintf_s instead. To disable deprecation, use _CRT_SECURE_NO_WARNINGS. See online help for details.
  c:\program files (x86)\windows kits\10\include\10.0.10240.0\ucrt\stdio.h(1769): note: see declaration of 'sprintf'
c:\users\cglab5\desktop\hjeong\scratchapixel\ray-tracing a polygon mesh\raytracepolymesh.cpp(460): warning C4305: 'argument': truncation from 'double' to 'float'
c:\users\cglab5\desktop\hjeong\scratchapixel\ray-tracing a polygon mesh\raytracepolymesh.cpp(462): warning C4305: '=': truncation from 'double' to 'float'
  Ray-Tracing a Polygon Mesh.vcxproj -> C:\Users\CGLab5\Desktop\hjeong\SCRATCHAPIXEL\Scratchapixel\Debug\Ray-Tracing a Polygon Mesh.exe
  Ray-Tracing a Polygon Mesh.vcxproj -> C:\Users\CGLab5\Desktop\hjeong\SCRATCHAPIXEL\Scratchapixel\Debug\Ray-Tracing a Polygon Mesh.pdb (Full PDB)
